Port monitor named: Port1_h1[10].prt

nx        = 45
ny        = 45
nz        = 100

nu        = 18
nv        = 10
iu        = 1
iv        = 1

idir      = 2
dcut      = 0.000000e+000
icut      = 8
type      = 1
frequency = 1.000000e+010

fcutoff   = 5.899589e+009
alpha     = 0.000000e+000
beta      = 1.692221e+002
accuracy  = 1.623389e-012

type          = TE
wave imp.     = 4.665870e+002
wave imp.sig. = 8.583055e-006
line imp.     = 0.000000e+000

ref. port     = 0

-3.645705e+000  -3.628389e+000  -3.576607e+000  -3.490849e+000  -3.371931e+000  -3.220983e+000  -3.039438e+000  -2.829020e+000  -2.591729e+000  -2.329819e+000  -2.045777e+000  -1.742302e+000  -1.422276e+000  -1.088740e+000  -7.448615e-001  -4.107292e-001  -1.670545e-001  -0.000000e+000  
-3.645705e+000  -3.628389e+000  -3.576607e+000  -3.490849e+000  -3.371931e+000  -3.220983e+000  -3.039438e+000  -2.829020e+000  -2.591729e+000  -2.329819e+000  -2.045777e+000  -1.742302e+000  -1.422276e+000  -1.088740e+000  -7.448615e-001  -4.107292e-001  -1.670545e-001  -0.000000e+000  
-3.645705e+000  -3.628389e+000  -3.576607e+000  -3.490849e+000  -3.371931e+000  -3.220983e+000  -3.039438e+000  -2.829020e+000  -2.591729e+000  -2.329819e+000  -2.045777e+000  -1.742302e+000  -1.422276e+000  -1.088740e+000  -7.448615e-001  -4.107292e-001  -1.670545e-001  -0.000000e+000  
-3.645705e+000  -3.628389e+000  -3.576607e+000  -3.490849e+000  -3.371931e+000  -3.220983e+000  -3.039438e+000  -2.829020e+000  -2.591729e+000  -2.329819e+000  -2.045777e+000  -1.742302e+000  -1.422276e+000  -1.088740e+000  -7.448615e-001  -4.107292e-001  -1.670545e-001  -0.000000e+000  
-3.645705e+000  -3.628389e+000  -3.576607e+000  -3.490849e+000  -3.371931e+000  -3.220983e+000  -3.039438e+000  -2.829020e+000  -2.591729e+000  -2.329819e+000  -2.045777e+000  -1.742302e+000  -1.422276e+000  -1.088740e+000  -7.448615e-001  -4.107292e-001  -1.670545e-001  -0.000000e+000  
-3.645705e+000  -3.628389e+000  -3.576607e+000  -3.490849e+000  -3.371931e+000  -3.220983e+000  -3.039438e+000  -2.829020e+000  -2.591729e+000  -2.329819e+000  -2.045777e+000  -1.742302e+000  -1.422276e+000  -1.088740e+000  -7.448615e-001  -4.107292e-001  -1.670545e-001  -0.000000e+000  
-3.645705e+000  -3.628389e+000  -3.576607e+000  -3.490849e+000  -3.371931e+000  -3.220983e+000  -3.039438e+000  -2.829020e+000  -2.591729e+000  -2.329819e+000  -2.045777e+000  -1.742302e+000  -1.422276e+000  -1.088740e+000  -7.448616e-001  -4.107292e-001  -1.670545e-001  -0.000000e+000  
-3.645705e+000  -3.628389e+000  -3.576607e+000  -3.490849e+000  -3.371931e+000  -3.220983e+000  -3.039438e+000  -2.829020e+000  -2.591729e+000  -2.329819e+000  -2.045777e+000  -1.742302e+000  -1.422276e+000  -1.088740e+000  -7.448616e-001  -4.107292e-001  -1.670545e-001  -0.000000e+000  
-3.645705e+000  -3.628389e+000  -3.576607e+000  -3.490849e+000  -3.371931e+000  -3.220983e+000  -3.039438e+000  -2.829020e+000  -2.591729e+000  -2.329819e+000  -2.045777e+000  -1.742302e+000  -1.422276e+000  -1.088740e+000  -7.448616e-001  -4.107292e-001  -1.670545e-001  -0.000000e+000  
-0.000000e+000  -0.000000e+000  -0.000000e+000  -0.000000e+000  -0.000000e+000  -0.000000e+000  -0.000000e+000  -0.000000e+000  -0.000000e+000  -0.000000e+000  -0.000000e+000  -0.000000e+000  -0.000000e+000  -0.000000e+000  -0.000000e+000  -0.000000e+000  -0.000000e+000  -0.000000e+000  

-0.000000e+000  -0.000000e+000  -0.000000e+000  -0.000000e+000  -0.000000e+000  -0.000000e+000  -0.000000e+000  -0.000000e+000  -0.000000e+000  -0.000000e+000  -0.000000e+000  -0.000000e+000  -0.000000e+000  -0.000000e+000  -0.000000e+000  -0.000000e+000  -0.000000e+000  -0.000000e+000  
1.323949e-010  5.707100e-010  1.034280e-009  1.457943e-009  1.752877e-009  2.131441e-009  2.527453e-009  2.913253e-009  3.187906e-009  3.501817e-009  3.764811e-009  3.903385e-009  4.009923e-009  3.984056e-009  3.846892e-009  3.346890e-009  4.008025e-009  -0.000000e+000  
4.003037e-010  1.210154e-009  1.975870e-009  2.845876e-009  3.542684e-009  4.282639e-009  4.969508e-009  5.735807e-009  6.454901e-009  7.086777e-009  7.542201e-009  7.915897e-009  8.184428e-009  8.084030e-009  7.406875e-009  7.357739e-009  6.824562e-009  -0.000000e+000  
5.341377e-010  1.860552e-009  2.945052e-009  4.205997e-009  5.272569e-009  6.422414e-009  7.499273e-009  8.561362e-009  9.670640e-009  1.051234e-008  1.143439e-008  1.213406e-008  1.266545e-008  1.221978e-008  1.099297e-008  1.040220e-008  1.003464e-008  -0.000000e+000  
7.019397e-010  2.365812e-009  3.979391e-009  5.563510e-009  6.989899e-009  8.555700e-009  9.922157e-009  1.127454e-008  1.279941e-008  1.402611e-008  1.546016e-008  1.668159e-008  1.759511e-008  1.727428e-008  1.391693e-008  1.266192e-008  1.235818e-008  -0.000000e+000  
9.715759e-010  2.963813e-009  4.937184e-009  6.836732e-009  8.737815e-009  1.056434e-008  1.237781e-008  1.404264e-008  1.577663e-008  1.744477e-008  1.926507e-008  2.134562e-008  2.370887e-008  2.517655e-008  1.478644e-008  1.315817e-008  1.376341e-008  -0.000000e+000  
1.228702e-009  3.530372e-009  5.888336e-009  8.263392e-009  1.041964e-008  1.259802e-008  1.470442e-008  1.662143e-008  1.854521e-008  2.057102e-008  2.272044e-008  2.542815e-008  3.051871e-008  4.500315e-008  6.018828e-009  1.058189e-008  1.594043e-008  -0.000000e+000  
7.643297e-010  2.343029e-009  3.777244e-009  5.158140e-009  6.845697e-009  8.018837e-009  9.527408e-009  1.064802e-008  1.192126e-008  1.324299e-008  1.448026e-008  1.568014e-008  1.649135e-008  1.165958e-008  -3.145986e-010  9.260172e-009  1.298445e-009  -0.000000e+000  
2.333502e-010  1.275374e-010  9.472064e-011  5.404039e-010  2.502431e-010  7.284238e-010  4.708298e-010  8.018942e-010  8.820967e-010  1.071805e-009  1.310332e-009  1.435206e-009  8.035228e-010  -3.584703e-009  -7.982912e-009  -5.111260e-009  -7.591466e-009  -0.000000e+000  
-0.000000e+000  -0.000000e+000  -0.000000e+000  -0.000000e+000  -0.000000e+000  -0.000000e+000  -0.000000e+000  -0.000000e+000  -0.000000e+000  -0.000000e+000  -0.000000e+000  -0.000000e+000  -0.000000e+000  -0.000000e+000  -0.000000e+000  -0.000000e+000  -0.000000e+000  -0.000000e+000  

0.000000e+000  0.000000e+000  0.000000e+000  0.000000e+000  0.000000e+000  0.000000e+000  0.000000e+000  0.000000e+000  0.000000e+000  0.000000e+000  0.000000e+000  0.000000e+000  0.000000e+000  0.000000e+000  0.000000e+000  0.000000e+000  0.000000e+000  0.000000e+000  
0.000000e+000  0.000000e+000  0.000000e+000  0.000000e+000  0.000000e+000  0.000000e+000  0.000000e+000  0.000000e+000  0.000000e+000  0.000000e+000  0.000000e+000  0.000000e+000  0.000000e+000  0.000000e+000  0.000000e+000  0.000000e+000  0.000000e+000  0.000000e+000  
0.000000e+000  0.000000e+000  0.000000e+000  0.000000e+000  0.000000e+000  0.000000e+000  0.000000e+000  0.000000e+000  0.000000e+000  0.000000e+000  0.000000e+000  0.000000e+000  0.000000e+000  0.000000e+000  0.000000e+000  0.000000e+000  0.000000e+000  0.000000e+000  
0.000000e+000  0.000000e+000  0.000000e+000  0.000000e+000  0.000000e+000  0.000000e+000  0.000000e+000  0.000000e+000  0.000000e+000  0.000000e+000  0.000000e+000  0.000000e+000  0.000000e+000  0.000000e+000  0.000000e+000  0.000000e+000  0.000000e+000  0.000000e+000  
0.000000e+000  0.000000e+000  0.000000e+000  0.000000e+000  0.000000e+000  0.000000e+000  0.000000e+000  0.000000e+000  0.000000e+000  0.000000e+000  0.000000e+000  0.000000e+000  0.000000e+000  0.000000e+000  0.000000e+000  0.000000e+000  0.000000e+000  0.000000e+000  
0.000000e+000  0.000000e+000  0.000000e+000  0.000000e+000  0.000000e+000  0.000000e+000  0.000000e+000  0.000000e+000  0.000000e+000  0.000000e+000  0.000000e+000  0.000000e+000  0.000000e+000  0.000000e+000  0.000000e+000  0.000000e+000  0.000000e+000  0.000000e+000  
0.000000e+000  0.000000e+000  0.000000e+000  0.000000e+000  0.000000e+000  0.000000e+000  0.000000e+000  0.000000e+000  0.000000e+000  0.000000e+000  0.000000e+000  0.000000e+000  0.000000e+000  0.000000e+000  0.000000e+000  0.000000e+000  0.000000e+000  0.000000e+000  
0.000000e+000  0.000000e+000  0.000000e+000  0.000000e+000  0.000000e+000  0.000000e+000  0.000000e+000  0.000000e+000  0.000000e+000  0.000000e+000  0.000000e+000  0.000000e+000  0.000000e+000  0.000000e+000  0.000000e+000  0.000000e+000  0.000000e+000  0.000000e+000  
0.000000e+000  0.000000e+000  0.000000e+000  0.000000e+000  0.000000e+000  0.000000e+000  0.000000e+000  0.000000e+000  0.000000e+000  0.000000e+000  0.000000e+000  0.000000e+000  0.000000e+000  0.000000e+000  0.000000e+000  0.000000e+000  0.000000e+000  0.000000e+000  
0.000000e+000  0.000000e+000  0.000000e+000  0.000000e+000  0.000000e+000  0.000000e+000  0.000000e+000  0.000000e+000  0.000000e+000  0.000000e+000  0.000000e+000  0.000000e+000  0.000000e+000  0.000000e+000  0.000000e+000  0.000000e+000  0.000000e+000  0.000000e+000  

0.000000e+000  0.000000e+000  0.000000e+000  0.000000e+000  0.000000e+000  0.000000e+000  0.000000e+000  0.000000e+000  0.000000e+000  0.000000e+000  0.000000e+000  0.000000e+000  0.000000e+000  0.000000e+000  0.000000e+000  0.000000e+000  0.000000e+000  0.000000e+000  
0.000000e+000  0.000000e+000  0.000000e+000  0.000000e+000  0.000000e+000  0.000000e+000  0.000000e+000  0.000000e+000  0.000000e+000  0.000000e+000  0.000000e+000  0.000000e+000  0.000000e+000  0.000000e+000  0.000000e+000  0.000000e+000  0.000000e+000  0.000000e+000  
0.000000e+000  0.000000e+000  0.000000e+000  0.000000e+000  0.000000e+000  0.000000e+000  0.000000e+000  0.000000e+000  0.000000e+000  0.000000e+000  0.000000e+000  0.000000e+000  0.000000e+000  0.000000e+000  0.000000e+000  0.000000e+000  0.000000e+000  0.000000e+000  
0.000000e+000  0.000000e+000  0.000000e+000  0.000000e+000  0.000000e+000  0.000000e+000  0.000000e+000  0.000000e+000  0.000000e+000  0.000000e+000  0.000000e+000  0.000000e+000  0.000000e+000  0.000000e+000  0.000000e+000  0.000000e+000  0.000000e+000  0.000000e+000  
0.000000e+000  0.000000e+000  0.000000e+000  0.000000e+000  0.000000e+000  0.000000e+000  0.000000e+000  0.000000e+000  0.000000e+000  0.000000e+000  0.000000e+000  0.000000e+000  0.000000e+000  0.000000e+000  0.000000e+000  0.000000e+000  0.000000e+000  0.000000e+000  
0.000000e+000  0.000000e+000  0.000000e+000  0.000000e+000  0.000000e+000  0.000000e+000  0.000000e+000  0.000000e+000  0.000000e+000  0.000000e+000  0.000000e+000  0.000000e+000  0.000000e+000  0.000000e+000  0.000000e+000  0.000000e+000  0.000000e+000  0.000000e+000  
0.000000e+000  0.000000e+000  0.000000e+000  0.000000e+000  0.000000e+000  0.000000e+000  0.000000e+000  0.000000e+000  0.000000e+000  0.000000e+000  0.000000e+000  0.000000e+000  0.000000e+000  0.000000e+000  0.000000e+000  0.000000e+000  0.000000e+000  0.000000e+000  
0.000000e+000  0.000000e+000  0.000000e+000  0.000000e+000  0.000000e+000  0.000000e+000  0.000000e+000  0.000000e+000  0.000000e+000  0.000000e+000  0.000000e+000  0.000000e+000  0.000000e+000  0.000000e+000  0.000000e+000  0.000000e+000  0.000000e+000  0.000000e+000  
0.000000e+000  0.000000e+000  0.000000e+000  0.000000e+000  0.000000e+000  0.000000e+000  0.000000e+000  0.000000e+000  0.000000e+000  0.000000e+000  0.000000e+000  0.000000e+000  0.000000e+000  0.000000e+000  0.000000e+000  0.000000e+000  0.000000e+000  0.000000e+000  
0.000000e+000  0.000000e+000  0.000000e+000  0.000000e+000  0.000000e+000  0.000000e+000  0.000000e+000  0.000000e+000  0.000000e+000  0.000000e+000  0.000000e+000  0.000000e+000  0.000000e+000  0.000000e+000  0.000000e+000  0.000000e+000  0.000000e+000  0.000000e+000  

0.000000e+000  0.000000e+000  0.000000e+000  0.000000e+000  0.000000e+000  0.000000e+000  0.000000e+000  0.000000e+000  0.000000e+000  0.000000e+000  0.000000e+000  0.000000e+000  0.000000e+000  0.000000e+000  0.000000e+000  0.000000e+000  0.000000e+000  0.000000e+000  
0.000000e+000  0.000000e+000  0.000000e+000  0.000000e+000  0.000000e+000  0.000000e+000  0.000000e+000  0.000000e+000  0.000000e+000  0.000000e+000  0.000000e+000  0.000000e+000  0.000000e+000  0.000000e+000  0.000000e+000  0.000000e+000  0.000000e+000  0.000000e+000  
0.000000e+000  0.000000e+000  0.000000e+000  0.000000e+000  0.000000e+000  0.000000e+000  0.000000e+000  0.000000e+000  0.000000e+000  0.000000e+000  0.000000e+000  0.000000e+000  0.000000e+000  0.000000e+000  0.000000e+000  0.000000e+000  0.000000e+000  0.000000e+000  
0.000000e+000  0.000000e+000  0.000000e+000  0.000000e+000  0.000000e+000  0.000000e+000  0.000000e+000  0.000000e+000  0.000000e+000  0.000000e+000  0.000000e+000  0.000000e+000  0.000000e+000  0.000000e+000  0.000000e+000  0.000000e+000  0.000000e+000  0.000000e+000  
0.000000e+000  0.000000e+000  0.000000e+000  0.000000e+000  0.000000e+000  0.000000e+000  0.000000e+000  0.000000e+000  0.000000e+000  0.000000e+000  0.000000e+000  0.000000e+000  0.000000e+000  0.000000e+000  0.000000e+000  0.000000e+000  0.000000e+000  0.000000e+000  
0.000000e+000  0.000000e+000  0.000000e+000  0.000000e+000  0.000000e+000  0.000000e+000  0.000000e+000  0.000000e+000  0.000000e+000  0.000000e+000  0.000000e+000  0.000000e+000  0.000000e+000  0.000000e+000  0.000000e+000  0.000000e+000  0.000000e+000  0.000000e+000  
0.000000e+000  0.000000e+000  0.000000e+000  0.000000e+000  0.000000e+000  0.000000e+000  0.000000e+000  0.000000e+000  0.000000e+000  0.000000e+000  0.000000e+000  0.000000e+000  0.000000e+000  0.000000e+000  0.000000e+000  0.000000e+000  0.000000e+000  0.000000e+000  
0.000000e+000  0.000000e+000  0.000000e+000  0.000000e+000  0.000000e+000  0.000000e+000  0.000000e+000  0.000000e+000  0.000000e+000  0.000000e+000  0.000000e+000  0.000000e+000  0.000000e+000  0.000000e+000  0.000000e+000  0.000000e+000  0.000000e+000  0.000000e+000  
0.000000e+000  0.000000e+000  0.000000e+000  0.000000e+000  0.000000e+000  0.000000e+000  0.000000e+000  0.000000e+000  0.000000e+000  0.000000e+000  0.000000e+000  0.000000e+000  0.000000e+000  0.000000e+000  0.000000e+000  0.000000e+000  0.000000e+000  0.000000e+000  
0.000000e+000  0.000000e+000  0.000000e+000  0.000000e+000  0.000000e+000  0.000000e+000  0.000000e+000  0.000000e+000  0.000000e+000  0.000000e+000  0.000000e+000  0.000000e+000  0.000000e+000  0.000000e+000  0.000000e+000  0.000000e+000  0.000000e+000  0.000000e+000  

1.298126e-001  3.882047e-001  6.429092e-001  8.915066e-001  1.131635e+000  1.361014e+000  1.577465e+000  1.778931e+000  1.963498e+000  2.129414e+000  2.275102e+000  2.399178e+000  2.500464e+000  2.577998e+000  2.629783e+000  2.653781e+000  2.660675e+000  -0.000000e+000  
1.298126e-001  3.882047e-001  6.429092e-001  8.915066e-001  1.131635e+000  1.361014e+000  1.577465e+000  1.778931e+000  1.963498e+000  2.129414e+000  2.275102e+000  2.399178e+000  2.500464e+000  2.577998e+000  2.629783e+000  2.653781e+000  2.660675e+000  -0.000000e+000  
1.298126e-001  3.882047e-001  6.429092e-001  8.915066e-001  1.131635e+000  1.361014e+000  1.577465e+000  1.778931e+000  1.963498e+000  2.129414e+000  2.275102e+000  2.399178e+000  2.500464e+000  2.577998e+000  2.629783e+000  2.653781e+000  2.660675e+000  -0.000000e+000  
1.298126e-001  3.882047e-001  6.429092e-001  8.915066e-001  1.131635e+000  1.361014e+000  1.577465e+000  1.778931e+000  1.963498e+000  2.129414e+000  2.275102e+000  2.399178e+000  2.500464e+000  2.577998e+000  2.629783e+000  2.653781e+000  2.660675e+000  -0.000000e+000  
1.298126e-001  3.882047e-001  6.429092e-001  8.915066e-001  1.131635e+000  1.361014e+000  1.577465e+000  1.778931e+000  1.963498e+000  2.129414e+000  2.275102e+000  2.399178e+000  2.500464e+000  2.577998e+000  2.629783e+000  2.653781e+000  2.660675e+000  -0.000000e+000  
1.298126e-001  3.882047e-001  6.429092e-001  8.915066e-001  1.131635e+000  1.361014e+000  1.577465e+000  1.778931e+000  1.963498e+000  2.129414e+000  2.275102e+000  2.399178e+000  2.500464e+000  2.577998e+000  2.629783e+000  2.653781e+000  2.660675e+000  -0.000000e+000  
1.298126e-001  3.882047e-001  6.429092e-001  8.915066e-001  1.131635e+000  1.361014e+000  1.577465e+000  1.778931e+000  1.963498e+000  2.129414e+000  2.275102e+000  2.399178e+000  2.500464e+000  2.577998e+000  2.629783e+000  2.653781e+000  2.660675e+000  -0.000000e+000  
1.298126e-001  3.882047e-001  6.429092e-001  8.915066e-001  1.131635e+000  1.361014e+000  1.577465e+000  1.778931e+000  1.963498e+000  2.129414e+000  2.275102e+000  2.399178e+000  2.500464e+000  2.577998e+000  2.629783e+000  2.653781e+000  2.660675e+000  -0.000000e+000  
1.298126e-001  3.882047e-001  6.429092e-001  8.915066e-001  1.131635e+000  1.361014e+000  1.577465e+000  1.778931e+000  1.963498e+000  2.129414e+000  2.275102e+000  2.399178e+000  2.500464e+000  2.577998e+000  2.629783e+000  2.653781e+000  2.660675e+000  -0.000000e+000  
-0.000000e+000  -0.000000e+000  -0.000000e+000  -0.000000e+000  -0.000000e+000  -0.000000e+000  -0.000000e+000  -0.000000e+000  -0.000000e+000  -0.000000e+000  -0.000000e+000  -0.000000e+000  -0.000000e+000  -0.000000e+000  -0.000000e+000  -0.000000e+000  -0.000000e+000  -0.000000e+000  

