Port monitor named: Port1_e1[10].prt

nx        = 45
ny        = 45
nz        = 100

nu        = 18
nv        = 10
iu        = 1
iv        = 1

idir      = 2
dcut      = 0.000000e+000
icut      = 8
type      = 0
frequency = 1.000000e+010

fcutoff   = 5.899589e+009
alpha     = 0.000000e+000
beta      = 1.692221e+002
accuracy  = 1.623389e-012

type          = TE
wave imp.     = 4.665870e+002
wave imp.sig. = 8.583055e-006
line imp.     = 0.000000e+000

ref. port     = 0

-0.000000e+000  -0.000000e+000  -0.000000e+000  -0.000000e+000  -0.000000e+000  -0.000000e+000  -0.000000e+000  -0.000000e+000  -0.000000e+000  -0.000000e+000  -0.000000e+000  -0.000000e+000  -0.000000e+000  -0.000000e+000  -0.000000e+000  -0.000000e+000  -0.000000e+000  -0.000000e+000  
-1.950888e-008  -5.797019e-008  -9.562402e-008  -1.326311e-007  -1.689819e-007  -2.040333e-007  -2.375635e-007  -2.690514e-007  -2.975185e-007  -3.205257e-007  -3.336126e-007  -3.300035e-007  -3.014036e-007  -2.430374e-007  -1.690674e-007  -1.225124e-007  -1.065610e-007  -0.000000e+000  
-3.853836e-008  -1.152684e-007  -1.909818e-007  -2.650623e-007  -3.375634e-007  -4.078411e-007  -4.754401e-007  -5.394372e-007  -5.980034e-007  -6.475992e-007  -6.802870e-007  -6.814726e-007  -6.287928e-007  -5.012762e-007  -3.183166e-007  -1.971019e-007  -1.592150e-007  -0.000000e+000  
-5.757874e-008  -1.718425e-007  -2.851132e-007  -3.962463e-007  -5.050945e-007  -6.107182e-007  -7.124868e-007  -8.100544e-007  -9.018959e-007  -9.852728e-007  -1.050994e-006  -1.079052e-006  -1.024221e-006  -8.145777e-007  -4.215817e-007  -1.547263e-007  -6.868158e-008  -0.000000e+000  
-7.644578e-008  -2.284217e-007  -3.786019e-007  -5.263366e-007  -6.707396e-007  -8.109708e-007  -9.469585e-007  -1.078636e-006  -1.206210e-006  -1.330925e-006  -1.449607e-006  -1.547498e-006  -1.563643e-006  -1.310169e-006  -4.408049e-007  1.417305e-007  3.331965e-007  -0.000000e+000  
-9.512209e-008  -2.843224e-007  -4.711927e-007  -6.547867e-007  -8.339481e-007  -1.007848e-006  -1.176382e-006  -1.340370e-006  -1.502386e-006  -1.669877e-006  -1.855743e-006  -2.081828e-006  -2.354107e-006  -2.421358e-006  -2.690861e-007  9.820928e-007  1.424756e-006  -0.000000e+000  
-1.135150e-007  -3.398262e-007  -5.632913e-007  -7.820287e-007  -9.948933e-007  -1.200682e-006  -1.398988e-006  -1.591130e-006  -1.780102e-006  -1.975692e-006  -2.204952e-006  -2.551934e-006  -3.324935e-006  -5.749852e-006  6.080634e-007  2.903217e-006  4.103560e-006  -0.000000e+000  
-2.082410e-008  -6.218518e-008  -1.034331e-007  -1.438289e-007  -1.837206e-007  -2.235788e-007  -2.639673e-007  -3.064593e-007  -3.530262e-007  -4.082556e-007  -4.756229e-007  -5.466302e-007  -5.813871e-007  -9.238742e-007  -5.060275e-006  -3.856637e-006  -6.008783e-006  -0.000000e+000  
2.508026e-007  7.489573e-007  1.239858e-006  1.719541e-006  2.182112e-006  2.623046e-006  3.038406e-006  3.423016e-006  3.771406e-006  4.081333e-006  4.355208e-006  4.657554e-006  5.507426e-006  1.102409e-005  -1.630934e-006  -3.068620e-006  -2.542101e-006  -0.000000e+000  
-0.000000e+000  -0.000000e+000  -0.000000e+000  -0.000000e+000  -0.000000e+000  -0.000000e+000  -0.000000e+000  -0.000000e+000  -0.000000e+000  -0.000000e+000  -0.000000e+000  -0.000000e+000  -0.000000e+000  -0.000000e+000  -0.000000e+000  -0.000000e+000  -0.000000e+000  -0.000000e+000  

1.701038e+003  1.692959e+003  1.668798e+003  1.628785e+003  1.573299e+003  1.502869e+003  1.418162e+003  1.319984e+003  1.209267e+003  1.087063e+003  9.545328e+002  8.129352e+002  6.636154e+002  5.079918e+002  3.475427e+002  1.916409e+002  7.794544e+001  -0.000000e+000  
1.701038e+003  1.692959e+003  1.668798e+003  1.628785e+003  1.573299e+003  1.502869e+003  1.418162e+003  1.319984e+003  1.209267e+003  1.087063e+003  9.545328e+002  8.129352e+002  6.636154e+002  5.079918e+002  3.475427e+002  1.916409e+002  7.794544e+001  -0.000000e+000  
1.701038e+003  1.692959e+003  1.668798e+003  1.628785e+003  1.573299e+003  1.502869e+003  1.418162e+003  1.319984e+003  1.209267e+003  1.087063e+003  9.545328e+002  8.129352e+002  6.636154e+002  5.079918e+002  3.475427e+002  1.916409e+002  7.794544e+001  -0.000000e+000  
1.701038e+003  1.692959e+003  1.668798e+003  1.628785e+003  1.573299e+003  1.502869e+003  1.418162e+003  1.319984e+003  1.209267e+003  1.087063e+003  9.545328e+002  8.129352e+002  6.636154e+002  5.079918e+002  3.475427e+002  1.916409e+002  7.794544e+001  -0.000000e+000  
1.701038e+003  1.692959e+003  1.668798e+003  1.628785e+003  1.573299e+003  1.502869e+003  1.418162e+003  1.319984e+003  1.209267e+003  1.087063e+003  9.545328e+002  8.129352e+002  6.636154e+002  5.079918e+002  3.475427e+002  1.916409e+002  7.794544e+001  -0.000000e+000  
1.701038e+003  1.692959e+003  1.668798e+003  1.628785e+003  1.573299e+003  1.502869e+003  1.418162e+003  1.319984e+003  1.209267e+003  1.087063e+003  9.545328e+002  8.129352e+002  6.636154e+002  5.079918e+002  3.475427e+002  1.916409e+002  7.794544e+001  -0.000000e+000  
1.701038e+003  1.692959e+003  1.668798e+003  1.628785e+003  1.573299e+003  1.502869e+003  1.418162e+003  1.319984e+003  1.209267e+003  1.087063e+003  9.545328e+002  8.129352e+002  6.636154e+002  5.079918e+002  3.475427e+002  1.916409e+002  7.794544e+001  -0.000000e+000  
1.701038e+003  1.692959e+003  1.668798e+003  1.628785e+003  1.573299e+003  1.502869e+003  1.418162e+003  1.319984e+003  1.209267e+003  1.087063e+003  9.545328e+002  8.129352e+002  6.636154e+002  5.079918e+002  3.475427e+002  1.916409e+002  7.794545e+001  -0.000000e+000  
1.701038e+003  1.692959e+003  1.668798e+003  1.628785e+003  1.573299e+003  1.502869e+003  1.418162e+003  1.319984e+003  1.209267e+003  1.087063e+003  9.545328e+002  8.129353e+002  6.636155e+002  5.079919e+002  3.475427e+002  1.916409e+002  7.794544e+001  -0.000000e+000  
-0.000000e+000  -0.000000e+000  -0.000000e+000  -0.000000e+000  -0.000000e+000  -0.000000e+000  -0.000000e+000  -0.000000e+000  -0.000000e+000  -0.000000e+000  -0.000000e+000  -0.000000e+000  -0.000000e+000  -0.000000e+000  -0.000000e+000  -0.000000e+000  -0.000000e+000  -0.000000e+000  

0.000000e+000  0.000000e+000  0.000000e+000  0.000000e+000  0.000000e+000  0.000000e+000  0.000000e+000  0.000000e+000  0.000000e+000  0.000000e+000  0.000000e+000  0.000000e+000  0.000000e+000  0.000000e+000  0.000000e+000  0.000000e+000  0.000000e+000  0.000000e+000  
0.000000e+000  0.000000e+000  0.000000e+000  0.000000e+000  0.000000e+000  0.000000e+000  0.000000e+000  0.000000e+000  0.000000e+000  0.000000e+000  0.000000e+000  0.000000e+000  0.000000e+000  0.000000e+000  0.000000e+000  0.000000e+000  0.000000e+000  0.000000e+000  
0.000000e+000  0.000000e+000  0.000000e+000  0.000000e+000  0.000000e+000  0.000000e+000  0.000000e+000  0.000000e+000  0.000000e+000  0.000000e+000  0.000000e+000  0.000000e+000  0.000000e+000  0.000000e+000  0.000000e+000  0.000000e+000  0.000000e+000  0.000000e+000  
0.000000e+000  0.000000e+000  0.000000e+000  0.000000e+000  0.000000e+000  0.000000e+000  0.000000e+000  0.000000e+000  0.000000e+000  0.000000e+000  0.000000e+000  0.000000e+000  0.000000e+000  0.000000e+000  0.000000e+000  0.000000e+000  0.000000e+000  0.000000e+000  
0.000000e+000  0.000000e+000  0.000000e+000  0.000000e+000  0.000000e+000  0.000000e+000  0.000000e+000  0.000000e+000  0.000000e+000  0.000000e+000  0.000000e+000  0.000000e+000  0.000000e+000  0.000000e+000  0.000000e+000  0.000000e+000  0.000000e+000  0.000000e+000  
0.000000e+000  0.000000e+000  0.000000e+000  0.000000e+000  0.000000e+000  0.000000e+000  0.000000e+000  0.000000e+000  0.000000e+000  0.000000e+000  0.000000e+000  0.000000e+000  0.000000e+000  0.000000e+000  0.000000e+000  0.000000e+000  0.000000e+000  0.000000e+000  
0.000000e+000  0.000000e+000  0.000000e+000  0.000000e+000  0.000000e+000  0.000000e+000  0.000000e+000  0.000000e+000  0.000000e+000  0.000000e+000  0.000000e+000  0.000000e+000  0.000000e+000  0.000000e+000  0.000000e+000  0.000000e+000  0.000000e+000  0.000000e+000  
0.000000e+000  0.000000e+000  0.000000e+000  0.000000e+000  0.000000e+000  0.000000e+000  0.000000e+000  0.000000e+000  0.000000e+000  0.000000e+000  0.000000e+000  0.000000e+000  0.000000e+000  0.000000e+000  0.000000e+000  0.000000e+000  0.000000e+000  0.000000e+000  
0.000000e+000  0.000000e+000  0.000000e+000  0.000000e+000  0.000000e+000  0.000000e+000  0.000000e+000  0.000000e+000  0.000000e+000  0.000000e+000  0.000000e+000  0.000000e+000  0.000000e+000  0.000000e+000  0.000000e+000  0.000000e+000  0.000000e+000  0.000000e+000  
0.000000e+000  0.000000e+000  0.000000e+000  0.000000e+000  0.000000e+000  0.000000e+000  0.000000e+000  0.000000e+000  0.000000e+000  0.000000e+000  0.000000e+000  0.000000e+000  0.000000e+000  0.000000e+000  0.000000e+000  0.000000e+000  0.000000e+000  0.000000e+000  

0.000000e+000  0.000000e+000  0.000000e+000  0.000000e+000  0.000000e+000  0.000000e+000  0.000000e+000  0.000000e+000  0.000000e+000  0.000000e+000  0.000000e+000  0.000000e+000  0.000000e+000  0.000000e+000  0.000000e+000  0.000000e+000  0.000000e+000  0.000000e+000  
0.000000e+000  0.000000e+000  0.000000e+000  0.000000e+000  0.000000e+000  0.000000e+000  0.000000e+000  0.000000e+000  0.000000e+000  0.000000e+000  0.000000e+000  0.000000e+000  0.000000e+000  0.000000e+000  0.000000e+000  0.000000e+000  0.000000e+000  0.000000e+000  
0.000000e+000  0.000000e+000  0.000000e+000  0.000000e+000  0.000000e+000  0.000000e+000  0.000000e+000  0.000000e+000  0.000000e+000  0.000000e+000  0.000000e+000  0.000000e+000  0.000000e+000  0.000000e+000  0.000000e+000  0.000000e+000  0.000000e+000  0.000000e+000  
0.000000e+000  0.000000e+000  0.000000e+000  0.000000e+000  0.000000e+000  0.000000e+000  0.000000e+000  0.000000e+000  0.000000e+000  0.000000e+000  0.000000e+000  0.000000e+000  0.000000e+000  0.000000e+000  0.000000e+000  0.000000e+000  0.000000e+000  0.000000e+000  
0.000000e+000  0.000000e+000  0.000000e+000  0.000000e+000  0.000000e+000  0.000000e+000  0.000000e+000  0.000000e+000  0.000000e+000  0.000000e+000  0.000000e+000  0.000000e+000  0.000000e+000  0.000000e+000  0.000000e+000  0.000000e+000  0.000000e+000  0.000000e+000  
0.000000e+000  0.000000e+000  0.000000e+000  0.000000e+000  0.000000e+000  0.000000e+000  0.000000e+000  0.000000e+000  0.000000e+000  0.000000e+000  0.000000e+000  0.000000e+000  0.000000e+000  0.000000e+000  0.000000e+000  0.000000e+000  0.000000e+000  0.000000e+000  
0.000000e+000  0.000000e+000  0.000000e+000  0.000000e+000  0.000000e+000  0.000000e+000  0.000000e+000  0.000000e+000  0.000000e+000  0.000000e+000  0.000000e+000  0.000000e+000  0.000000e+000  0.000000e+000  0.000000e+000  0.000000e+000  0.000000e+000  0.000000e+000  
0.000000e+000  0.000000e+000  0.000000e+000  0.000000e+000  0.000000e+000  0.000000e+000  0.000000e+000  0.000000e+000  0.000000e+000  0.000000e+000  0.000000e+000  0.000000e+000  0.000000e+000  0.000000e+000  0.000000e+000  0.000000e+000  0.000000e+000  0.000000e+000  
0.000000e+000  0.000000e+000  0.000000e+000  0.000000e+000  0.000000e+000  0.000000e+000  0.000000e+000  0.000000e+000  0.000000e+000  0.000000e+000  0.000000e+000  0.000000e+000  0.000000e+000  0.000000e+000  0.000000e+000  0.000000e+000  0.000000e+000  0.000000e+000  
0.000000e+000  0.000000e+000  0.000000e+000  0.000000e+000  0.000000e+000  0.000000e+000  0.000000e+000  0.000000e+000  0.000000e+000  0.000000e+000  0.000000e+000  0.000000e+000  0.000000e+000  0.000000e+000  0.000000e+000  0.000000e+000  0.000000e+000  0.000000e+000  

0.000000e+000  0.000000e+000  0.000000e+000  0.000000e+000  0.000000e+000  0.000000e+000  0.000000e+000  0.000000e+000  0.000000e+000  0.000000e+000  0.000000e+000  0.000000e+000  0.000000e+000  0.000000e+000  0.000000e+000  0.000000e+000  0.000000e+000  0.000000e+000  
0.000000e+000  0.000000e+000  0.000000e+000  0.000000e+000  0.000000e+000  0.000000e+000  0.000000e+000  0.000000e+000  0.000000e+000  0.000000e+000  0.000000e+000  0.000000e+000  0.000000e+000  0.000000e+000  0.000000e+000  0.000000e+000  0.000000e+000  0.000000e+000  
0.000000e+000  0.000000e+000  0.000000e+000  0.000000e+000  0.000000e+000  0.000000e+000  0.000000e+000  0.000000e+000  0.000000e+000  0.000000e+000  0.000000e+000  0.000000e+000  0.000000e+000  0.000000e+000  0.000000e+000  0.000000e+000  0.000000e+000  0.000000e+000  
0.000000e+000  0.000000e+000  0.000000e+000  0.000000e+000  0.000000e+000  0.000000e+000  0.000000e+000  0.000000e+000  0.000000e+000  0.000000e+000  0.000000e+000  0.000000e+000  0.000000e+000  0.000000e+000  0.000000e+000  0.000000e+000  0.000000e+000  0.000000e+000  
0.000000e+000  0.000000e+000  0.000000e+000  0.000000e+000  0.000000e+000  0.000000e+000  0.000000e+000  0.000000e+000  0.000000e+000  0.000000e+000  0.000000e+000  0.000000e+000  0.000000e+000  0.000000e+000  0.000000e+000  0.000000e+000  0.000000e+000  0.000000e+000  
0.000000e+000  0.000000e+000  0.000000e+000  0.000000e+000  0.000000e+000  0.000000e+000  0.000000e+000  0.000000e+000  0.000000e+000  0.000000e+000  0.000000e+000  0.000000e+000  0.000000e+000  0.000000e+000  0.000000e+000  0.000000e+000  0.000000e+000  0.000000e+000  
0.000000e+000  0.000000e+000  0.000000e+000  0.000000e+000  0.000000e+000  0.000000e+000  0.000000e+000  0.000000e+000  0.000000e+000  0.000000e+000  0.000000e+000  0.000000e+000  0.000000e+000  0.000000e+000  0.000000e+000  0.000000e+000  0.000000e+000  0.000000e+000  
0.000000e+000  0.000000e+000  0.000000e+000  0.000000e+000  0.000000e+000  0.000000e+000  0.000000e+000  0.000000e+000  0.000000e+000  0.000000e+000  0.000000e+000  0.000000e+000  0.000000e+000  0.000000e+000  0.000000e+000  0.000000e+000  0.000000e+000  0.000000e+000  
0.000000e+000  0.000000e+000  0.000000e+000  0.000000e+000  0.000000e+000  0.000000e+000  0.000000e+000  0.000000e+000  0.000000e+000  0.000000e+000  0.000000e+000  0.000000e+000  0.000000e+000  0.000000e+000  0.000000e+000  0.000000e+000  0.000000e+000  0.000000e+000  
0.000000e+000  0.000000e+000  0.000000e+000  0.000000e+000  0.000000e+000  0.000000e+000  0.000000e+000  0.000000e+000  0.000000e+000  0.000000e+000  0.000000e+000  0.000000e+000  0.000000e+000  0.000000e+000  0.000000e+000  0.000000e+000  0.000000e+000  0.000000e+000  

-0.000000e+000  -0.000000e+000  -0.000000e+000  -0.000000e+000  -0.000000e+000  -0.000000e+000  -0.000000e+000  -0.000000e+000  -0.000000e+000  -0.000000e+000  -0.000000e+000  -0.000000e+000  -0.000000e+000  -0.000000e+000  -0.000000e+000  -0.000000e+000  -0.000000e+000  -0.000000e+000  
-3.100357e-006  -3.089515e-006  -3.046263e-006  -2.969136e-006  -2.860705e-006  -2.729069e-006  -2.569197e-006  -2.380205e-006  -2.163002e-006  -1.924907e-006  -1.664207e-006  -1.385392e-006  -1.098435e-006  -8.086616e-007  -5.282837e-007  -2.787467e-007  -1.241071e-007  -0.000000e+000  
-6.208516e-006  -6.178461e-006  -6.087768e-006  -5.939319e-006  -5.726841e-006  -5.461325e-006  -5.140381e-006  -4.767670e-006  -4.338730e-006  -3.857223e-006  -3.329774e-006  -2.769620e-006  -2.186050e-006  -1.592794e-006  -1.022796e-006  -5.432491e-007  -2.099246e-007  -0.000000e+000  
-9.311318e-006  -9.270394e-006  -9.131675e-006  -8.910350e-006  -8.595723e-006  -8.200195e-006  -7.719014e-006  -7.157237e-006  -6.516343e-006  -5.794159e-006  -5.008468e-006  -4.156624e-006  -3.257491e-006  -2.332599e-006  -1.463410e-006  -7.581472e-007  -2.982806e-007  -0.000000e+000  
-1.241420e-005  -1.236032e-005  -1.218261e-005  -1.188443e-005  -1.146797e-005  -1.094346e-005  -1.030280e-005  -9.558947e-006  -8.713364e-006  -7.755860e-006  -6.705373e-006  -5.549803e-006  -4.305156e-006  -3.001500e-006  -1.751622e-006  -8.705755e-007  -3.411170e-007  -0.000000e+000  
-1.552672e-005  -1.545356e-005  -1.523118e-005  -1.486105e-005  -1.434820e-005  -1.369314e-005  -1.290120e-005  -1.197391e-005  -1.092114e-005  -9.738828e-006  -8.430359e-006  -6.983804e-006  -5.377603e-006  -3.588000e-006  -1.698080e-006  -7.873043e-007  -3.137487e-007  -0.000000e+000  
-1.864399e-005  -1.855238e-005  -1.828732e-005  -1.784571e-005  -1.722710e-005  -1.644589e-005  -1.550166e-005  -1.439988e-005  -1.315316e-005  -1.176149e-005  -1.021766e-005  -8.509469e-006  -6.586473e-006  -4.243540e-006  -6.756684e-007  -3.961121e-007  -2.093327e-007  -0.000000e+000  
-1.052929e-005  -1.047895e-005  -1.032483e-005  -1.007594e-005  -9.735724e-006  -9.285156e-006  -8.756258e-006  -8.128081e-006  -7.424492e-006  -6.635448e-006  -5.756775e-006  -4.792111e-006  -3.743297e-006  -2.639360e-006  -1.790457e-006  -1.166164e-006  -4.153088e-007  -0.000000e+000  
6.430305e-006  6.411374e-006  6.319409e-006  6.159920e-006  5.964184e-006  5.688687e-006  5.384136e-006  5.008147e-006  4.601460e-006  4.153293e-006  3.675593e-006  3.176205e-006  2.644260e-006  1.959635e-006  2.660305e-007  -0.000000e+000  6.278516e-008  -0.000000e+000  
-0.000000e+000  -0.000000e+000  -0.000000e+000  -0.000000e+000  -0.000000e+000  -0.000000e+000  -0.000000e+000  -0.000000e+000  -0.000000e+000  -0.000000e+000  -0.000000e+000  -0.000000e+000  -0.000000e+000  -0.000000e+000  -0.000000e+000  -0.000000e+000  -0.000000e+000  -0.000000e+000  

